.\Debug\ed.bsc
.\Debug\ed.pdb
.\Debug\ed.tlb
D:\System\Dropbox\MyIdeas\Prodotti\MyCode\myWE2k2 Editor\ed-eng2\.\Debug\ed.exe
D:\System\Dropbox\MyIdeas\Prodotti\MyCode\myWE2k2 Editor\ed-eng2\.\Debug\ed.exe.intermediate.manifest
D:\System\Dropbox\MyIdeas\Prodotti\MyCode\myWE2k2 Editor\ed-eng2\.\Debug\ed.exe.manifest
D:\System\Dropbox\MyIdeas\Prodotti\MyCode\myWE2k2 Editor\ed-eng2\Debug\BscMake.command.1.tlog
D:\System\Dropbox\MyIdeas\Prodotti\MyCode\myWE2k2 Editor\ed-eng2\Debug\bscmake.read.1.tlog
D:\System\Dropbox\MyIdeas\Prodotti\MyCode\myWE2k2 Editor\ed-eng2\Debug\bscmake.write.1.tlog
D:\SYSTEM\DROPBOX\MYIDEAS\PRODOTTI\MYCODE\MYWE2K2 EDITOR\ED-ENG2\DEBUG\CARATTDLG.OBJ
D:\SYSTEM\DROPBOX\MYIDEAS\PRODOTTI\MYCODE\MYWE2K2 EDITOR\ED-ENG2\DEBUG\CARATTDLG.SBR
D:\System\Dropbox\MyIdeas\Prodotti\MyCode\myWE2k2 Editor\ed-eng2\Debug\cl.command.1.tlog
D:\System\Dropbox\MyIdeas\Prodotti\MyCode\myWE2k2 Editor\ed-eng2\Debug\CL.read.1.tlog
D:\System\Dropbox\MyIdeas\Prodotti\MyCode\myWE2k2 Editor\ed-eng2\Debug\CL.write.1.tlog
D:\SYSTEM\DROPBOX\MYIDEAS\PRODOTTI\MYCODE\MYWE2K2 EDITOR\ED-ENG2\DEBUG\ED.BSC
D:\SYSTEM\DROPBOX\MYIDEAS\PRODOTTI\MYCODE\MYWE2K2 EDITOR\ED-ENG2\DEBUG\ED.EXE
D:\SYSTEM\DROPBOX\MYIDEAS\PRODOTTI\MYCODE\MYWE2K2 EDITOR\ED-ENG2\DEBUG\ED.EXE.INTERMEDIATE.MANIFEST
D:\SYSTEM\DROPBOX\MYIDEAS\PRODOTTI\MYCODE\MYWE2K2 EDITOR\ED-ENG2\DEBUG\ED.EXE.MANIFEST
D:\SYSTEM\DROPBOX\MYIDEAS\PRODOTTI\MYCODE\MYWE2K2 EDITOR\ED-ENG2\DEBUG\ED.OBJ
D:\SYSTEM\DROPBOX\MYIDEAS\PRODOTTI\MYCODE\MYWE2K2 EDITOR\ED-ENG2\DEBUG\ED.PCH
D:\SYSTEM\DROPBOX\MYIDEAS\PRODOTTI\MYCODE\MYWE2K2 EDITOR\ED-ENG2\DEBUG\ED.PDB
D:\SYSTEM\DROPBOX\MYIDEAS\PRODOTTI\MYCODE\MYWE2K2 EDITOR\ED-ENG2\DEBUG\ED.RES
D:\SYSTEM\DROPBOX\MYIDEAS\PRODOTTI\MYCODE\MYWE2K2 EDITOR\ED-ENG2\DEBUG\ED.SBR
D:\SYSTEM\DROPBOX\MYIDEAS\PRODOTTI\MYCODE\MYWE2K2 EDITOR\ED-ENG2\DEBUG\ED.TLB
D:\System\Dropbox\MyIdeas\Prodotti\MyCode\myWE2k2 Editor\ed-eng2\Debug\ed.vcxprojResolveAssemblyReference.cache
D:\System\Dropbox\MyIdeas\Prodotti\MyCode\myWE2k2 Editor\ed-eng2\Debug\ed.write.1.tlog
D:\SYSTEM\DROPBOX\MYIDEAS\PRODOTTI\MYCODE\MYWE2K2 EDITOR\ED-ENG2\DEBUG\EDDLG.OBJ
D:\SYSTEM\DROPBOX\MYIDEAS\PRODOTTI\MYCODE\MYWE2K2 EDITOR\ED-ENG2\DEBUG\EDDLG.SBR
D:\SYSTEM\DROPBOX\MYIDEAS\PRODOTTI\MYCODE\MYWE2K2 EDITOR\ED-ENG2\DEBUG\EDITOPTFORM.OBJ
D:\SYSTEM\DROPBOX\MYIDEAS\PRODOTTI\MYCODE\MYWE2K2 EDITOR\ED-ENG2\DEBUG\EDITOPTFORM.SBR
D:\SYSTEM\DROPBOX\MYIDEAS\PRODOTTI\MYCODE\MYWE2K2 EDITOR\ED-ENG2\DEBUG\GIOCATORE.OBJ
D:\SYSTEM\DROPBOX\MYIDEAS\PRODOTTI\MYCODE\MYWE2K2 EDITOR\ED-ENG2\DEBUG\GIOCATORE.SBR
D:\SYSTEM\DROPBOX\MYIDEAS\PRODOTTI\MYCODE\MYWE2K2 EDITOR\ED-ENG2\DEBUG\GRAF.OBJ
D:\SYSTEM\DROPBOX\MYIDEAS\PRODOTTI\MYCODE\MYWE2K2 EDITOR\ED-ENG2\DEBUG\GRAF.SBR
D:\System\Dropbox\MyIdeas\Prodotti\MyCode\myWE2k2 Editor\ed-eng2\Debug\link.command.1.tlog
D:\System\Dropbox\MyIdeas\Prodotti\MyCode\myWE2k2 Editor\ed-eng2\Debug\link.read.1.tlog
D:\System\Dropbox\MyIdeas\Prodotti\MyCode\myWE2k2 Editor\ed-eng2\Debug\link.write.1.tlog
D:\System\Dropbox\MyIdeas\Prodotti\MyCode\myWE2k2 Editor\ed-eng2\Debug\link-cvtres.read.1.tlog
D:\System\Dropbox\MyIdeas\Prodotti\MyCode\myWE2k2 Editor\ed-eng2\Debug\link-cvtres.write.1.tlog
D:\System\Dropbox\MyIdeas\Prodotti\MyCode\myWE2k2 Editor\ed-eng2\Debug\midl.command.1.tlog
D:\System\Dropbox\MyIdeas\Prodotti\MyCode\myWE2k2 Editor\ed-eng2\Debug\midl.read.1.tlog
D:\System\Dropbox\MyIdeas\Prodotti\MyCode\myWE2k2 Editor\ed-eng2\Debug\midl.write.1.tlog
D:\System\Dropbox\MyIdeas\Prodotti\MyCode\myWE2k2 Editor\ed-eng2\Debug\midl-midlc.read.1.tlog
D:\System\Dropbox\MyIdeas\Prodotti\MyCode\myWE2k2 Editor\ed-eng2\Debug\midl-midlc.write.1.tlog
D:\System\Dropbox\MyIdeas\Prodotti\MyCode\myWE2k2 Editor\ed-eng2\Debug\midl-midlc-cl.read.1.tlog
D:\System\Dropbox\MyIdeas\Prodotti\MyCode\myWE2k2 Editor\ed-eng2\Debug\midl-midlc-cl.write.1.tlog
D:\System\Dropbox\MyIdeas\Prodotti\MyCode\myWE2k2 Editor\ed-eng2\Debug\mt.command.1.tlog
D:\System\Dropbox\MyIdeas\Prodotti\MyCode\myWE2k2 Editor\ed-eng2\Debug\mt.read.1.tlog
D:\System\Dropbox\MyIdeas\Prodotti\MyCode\myWE2k2 Editor\ed-eng2\Debug\mt.write.1.tlog
D:\SYSTEM\DROPBOX\MYIDEAS\PRODOTTI\MYCODE\MYWE2K2 EDITOR\ED-ENG2\DEBUG\MYIOTXT.OBJ
D:\SYSTEM\DROPBOX\MYIDEAS\PRODOTTI\MYCODE\MYWE2K2 EDITOR\ED-ENG2\DEBUG\MYIOTXT.SBR
D:\System\Dropbox\MyIdeas\Prodotti\MyCode\myWE2k2 Editor\ed-eng2\Debug\rc.command.1.tlog
D:\System\Dropbox\MyIdeas\Prodotti\MyCode\myWE2k2 Editor\ed-eng2\Debug\rc.read.1.tlog
D:\System\Dropbox\MyIdeas\Prodotti\MyCode\myWE2k2 Editor\ed-eng2\Debug\rc.write.1.tlog
D:\SYSTEM\DROPBOX\MYIDEAS\PRODOTTI\MYCODE\MYWE2K2 EDITOR\ED-ENG2\DEBUG\SELEZDLG.OBJ
D:\SYSTEM\DROPBOX\MYIDEAS\PRODOTTI\MYCODE\MYWE2K2 EDITOR\ED-ENG2\DEBUG\SELEZDLG.SBR
D:\SYSTEM\DROPBOX\MYIDEAS\PRODOTTI\MYCODE\MYWE2K2 EDITOR\ED-ENG2\DEBUG\SQUADRA.OBJ
D:\SYSTEM\DROPBOX\MYIDEAS\PRODOTTI\MYCODE\MYWE2K2 EDITOR\ED-ENG2\DEBUG\SQUADRA.SBR
D:\SYSTEM\DROPBOX\MYIDEAS\PRODOTTI\MYCODE\MYWE2K2 EDITOR\ED-ENG2\DEBUG\SQUADRA_ML.OBJ
D:\SYSTEM\DROPBOX\MYIDEAS\PRODOTTI\MYCODE\MYWE2K2 EDITOR\ED-ENG2\DEBUG\SQUADRA_ML.SBR
D:\SYSTEM\DROPBOX\MYIDEAS\PRODOTTI\MYCODE\MYWE2K2 EDITOR\ED-ENG2\DEBUG\STDAFX.OBJ
D:\SYSTEM\DROPBOX\MYIDEAS\PRODOTTI\MYCODE\MYWE2K2 EDITOR\ED-ENG2\DEBUG\STDAFX.SBR
D:\SYSTEM\DROPBOX\MYIDEAS\PRODOTTI\MYCODE\MYWE2K2 EDITOR\ED-ENG2\DEBUG\TATTDLG.OBJ
D:\SYSTEM\DROPBOX\MYIDEAS\PRODOTTI\MYCODE\MYWE2K2 EDITOR\ED-ENG2\DEBUG\TATTDLG.SBR
D:\SYSTEM\DROPBOX\MYIDEAS\PRODOTTI\MYCODE\MYWE2K2 EDITOR\ED-ENG2\DEBUG\TATTICA.OBJ
D:\SYSTEM\DROPBOX\MYIDEAS\PRODOTTI\MYCODE\MYWE2K2 EDITOR\ED-ENG2\DEBUG\TATTICA.SBR
D:\SYSTEM\DROPBOX\MYIDEAS\PRODOTTI\MYCODE\MYWE2K2 EDITOR\ED-ENG2\DEBUG\VC100.PDB
